Построение начато 07.02.2020 13:09:45.
     1>Проект "D:\programmC#\C++\Customer_service\Customer_service\Customer_service.vcxproj" в узле 2 (целевые объекты build).
     1>InitializeBuildStatus:
         Обращение к "Debug\Customer_service.unsuccessfulbuild".
       ClCompile:
         D:\Program Files\Microsoft Visual Studio 10.0\VC\bin\CL.exe /c /ZI /nologo /W3 /WX- /Od /Oy- /D WIN32 /D _DEBUG /D _CONSOLE /D _UNICODE /D UNICODE /Gm /EHsc /RTC1 /MDd /GS /fp:precise /Zc:wchar_t /Zc:forScope /Fo"Debug\\" /Fd"Debug\vc100.pdb" /Gd /TP /analyze- /errorReport:prompt test_banking.cpp
         test_banking.cpp
     1>d:\programmc#\c++\customer_service\customer_service\test_banking.cpp(12): warning C4244: аргумент: преобразование "time_t" в "unsigned int", возможна потеря данных
       ManifestResourceCompile:
         Для всех выходных данных обновления не требуется.
       Link:
         D:\Program Files\Microsoft Visual Studio 10.0\VC\bin\link.exe /ERRORREPORT:PROMPT /OUT:"D:\programmC#\C++\Customer_service\Debug\Customer_service.exe" /INCREMENTAL /NOLOGO kernel32.lib user32.lib gdi32.lib winspool.lib comdlg32.lib advapi32.lib shell32.lib ole32.lib oleaut32.lib uuid.lib odbc32.lib odbccp32.lib /MANIFEST /ManifestFile:"Debug\Customer_service.exe.intermediate.manifest" /MANIFESTUAC:"level='asInvoker' uiAccess='false'" /DEBUG /PDB:"D:\programmC#\C++\Customer_service\Debug\Customer_service.pdb" /SUBSYSTEM:CONSOLE /TLBID:1 /DYNAMICBASE /NXCOMPAT /IMPLIB:"D:\programmC#\C++\Customer_service\Debug\Customer_service.lib" /MACHINE:X86 Debug\Customer_service.exe.embed.manifest.res
         Debug\queue.obj
         Debug\test_banking.obj
       Manifest:
         C:\Program Files\Microsoft SDKs\Windows\v7.0A\bin\mt.exe /nologo /verbose /out:"Debug\Customer_service.exe.embed.manifest" /manifest Debug\Customer_service.exe.intermediate.manifest
         Для всех выходных данных обновления не требуется.
       LinkEmbedManifest:
         Для всех выходных данных обновления не требуется.
         Customer_service.vcxproj -> D:\programmC#\C++\Customer_service\Debug\Customer_service.exe
       FinalizeBuildStatus:
         Файл "Debug\Customer_service.unsuccessfulbuild" удаляется.
         Обращение к "Debug\Customer_service.lastbuildstate".
     1>Построение проекта "D:\programmC#\C++\Customer_service\Customer_service\Customer_service.vcxproj" завершено (целевые объекты build).

Построение успешно завершено.

Затраченное время: 00:00:00.88
